2024-11-25 15:44:46,654 - INFO - Generating nodes for a tetrahedron mapped onto a sphere with radius 6371.0 km.
2024-11-25 15:44:46,655 - INFO - Generated 4 nodes for solid tetrahedron.
2024-11-25 15:44:46,658 - INFO - Connecting nodes within 5000.0 km to create ley lines.
2024-11-25 15:44:46,663 - WARNING - No ley lines were generated. This might indicate that the distance parameters need adjustment.
2024-11-25 15:45:56,141 - INFO - Generating nodes for a tetrahedron mapped onto a sphere with radius 6371.0 km.
2024-11-25 15:45:56,142 - INFO - Generated 4 nodes for solid tetrahedron.
2024-11-25 15:45:56,142 - INFO - Connecting nodes within 5000.0 km to create ley lines.
2024-11-25 15:45:56,143 - WARNING - No ley lines were generated. This might indicate that the distance parameters need adjustment.
2024-11-25 15:45:56,733 - INFO - Generating nodes for a tetrahedron mapped onto a sphere with radius 6371.0 km.
2024-11-25 15:45:56,734 - INFO - Generated 4 nodes for solid tetrahedron.
2024-11-25 15:45:56,735 - INFO - Connecting nodes within 5000.0 km to create ley lines.
2024-11-25 15:45:56,735 - WARNING - No ley lines were generated. This might indicate that the distance parameters need adjustment.
2024-11-25 15:45:57,072 - INFO - Generating nodes for a tetrahedron mapped onto a sphere with radius 6371.0 km.
2024-11-25 15:45:57,073 - INFO - Generated 4 nodes for solid tetrahedron.
2024-11-25 15:45:57,073 - INFO - Connecting nodes within 5000.0 km to create ley lines.
2024-11-25 15:45:57,076 - WARNING - No ley lines were generated. This might indicate that the distance parameters need adjustment.
2024-11-25 15:45:58,008 - INFO - Generating nodes for a tetrahedron mapped onto a sphere with radius 6371.0 km.
2024-11-25 15:45:58,009 - INFO - Generated 4 nodes for solid tetrahedron.
2024-11-25 15:45:58,010 - INFO - Connecting nodes within 5000.0 km to create ley lines.
2024-11-25 15:45:58,010 - WARNING - No ley lines were generated. This might indicate that the distance parameters need adjustment.
2024-11-25 15:46:00,451 - INFO - Generating nodes for a tetrahedron mapped onto a sphere with radius 6371.0 km.
2024-11-25 15:46:00,452 - INFO - Generated 4 nodes for solid tetrahedron.
2024-11-25 15:46:00,452 - INFO - Connecting nodes within 5000.0 km to create ley lines.
2024-11-25 15:46:00,453 - WARNING - No ley lines were generated. This might indicate that the distance parameters need adjustment.
2024-11-25 15:46:00,509 - INFO - Generating nodes for a tetrahedron mapped onto a sphere with radius 6371.0 km.
2024-11-25 15:46:00,509 - INFO - Generated 4 nodes for solid tetrahedron.
2024-11-25 15:46:00,509 - INFO - Connecting nodes within 5000.0 km to create ley lines.
2024-11-25 15:46:00,509 - WARNING - No ley lines were generated. This might indicate that the distance parameters need adjustment.
2024-11-25 15:46:00,517 - INFO - Generating nodes for a cube mapped onto a sphere with radius 6371.0 km.
2024-11-25 15:46:00,517 - INFO - Generated 8 nodes for solid cube.
2024-11-25 15:46:00,517 - INFO - Connecting nodes within 5000.0 km to create ley lines.
2024-11-25 15:46:00,518 - WARNING - No ley lines were generated. This might indicate that the distance parameters need adjustment.
2024-11-25 15:46:00,524 - INFO - Generating nodes for a octahedron mapped onto a sphere with radius 6371.0 km.
2024-11-25 15:46:00,524 - INFO - Generated 6 nodes for solid octahedron.
2024-11-25 15:46:00,525 - INFO - Connecting nodes within 5000.0 km to create ley lines.
2024-11-25 15:46:00,525 - WARNING - No ley lines were generated. This might indicate that the distance parameters need adjustment.
2024-11-25 15:46:00,532 - INFO - Generating nodes for a dodecahedron mapped onto a sphere with radius 6371.0 km.
2024-11-25 15:46:00,533 - INFO - Generated 12 nodes for solid dodecahedron.
2024-11-25 15:46:00,533 - INFO - Connecting nodes within 5000.0 km to create ley lines.
2024-11-25 15:46:00,535 - INFO - Generated 6 ley lines.
2024-11-25 15:46:00,540 - INFO - Generating nodes for a icosahedron mapped onto a sphere with radius 6371.0 km.
2024-11-25 15:46:00,540 - INFO - Generated 12 nodes for solid icosahedron.
2024-11-25 15:46:00,542 - INFO - Connecting nodes within 5000.0 km to create ley lines.
2024-11-25 15:46:00,544 - WARNING - No ley lines were generated. This might indicate that the distance parameters need adjustment.
2024-11-25 15:46:12,596 - INFO - Generating nodes for a tetrahedron mapped onto a sphere with radius 6371.0 km.
2024-11-25 15:46:12,597 - INFO - Generated 4 nodes for solid tetrahedron.
2024-11-25 15:46:12,597 - INFO - Connecting nodes within 5000.0 km to create ley lines.
2024-11-25 15:46:12,598 - WARNING - No ley lines were generated. This might indicate that the distance parameters need adjustment.
2024-11-25 15:48:09,195 - INFO - Generating nodes for a tetrahedron mapped onto a sphere with radius 6371.0 km.
2024-11-25 15:48:09,198 - INFO - Generated 4 nodes for solid tetrahedron.
2024-11-25 15:48:09,198 - INFO - Connecting nodes within 5000.0 km to create ley lines.
2024-11-25 15:48:09,198 - WARNING - No ley lines were generated. This might indicate that the distance parameters need adjustment.
2024-11-25 15:48:21,350 - INFO - Generating nodes for a tetrahedron mapped onto a sphere with radius 6371.0 km.
2024-11-25 15:48:21,355 - INFO - Generated 4 nodes for solid tetrahedron.
2024-11-25 15:48:21,360 - INFO - Connecting nodes within 5000.0 km to create ley lines.
2024-11-25 15:48:21,360 - WARNING - No ley lines were generated. This might indicate that the distance parameters need adjustment.
2024-11-25 16:40:22,964 - INFO - Generating nodes for a tetrahedron mapped onto a sphere with radius 6371.0 km.
2024-11-25 16:40:22,964 - INFO - Generated 4 nodes for solid tetrahedron.
2024-11-25 16:40:22,965 - INFO - Connecting nodes within 5000.0 km to create ley lines.
2024-11-25 16:40:22,965 - WARNING - No ley lines were generated. This might indicate that the distance parameters need adjustment.
